
START - automation started - Tue Jun 04 2024 12:57:36 GMT+0530 (India Standard Time)

LIVE MODE - type done to quit
 [RPA][STARTED]
[RPA][0] - listening for inputs
[RPA][1] - https://www.amazon.in/
[RPA][1] - listening for inputs
[RPA][2] - exist_result = exist('input[name="field-keywords"]').toString()
[RPA][2] - listening for inputs
[RPA][3] - dump exist_result to rpa_python.txt
[RPA][3] - listening for inputs
[RPA][4] - type input[name="field-keywords"] as smartphone[enter]
[RPA][4] - listening for inputs
[RPA][5] - exist_result = exist('(//span[@class="a-size-medium a-color-base a-text-normal"])[1]').toString()
[RPA][5] - listening for inputs
[RPA][6] - dump exist_result to rpa_python.txt
[RPA][6] - listening for inputs
[RPA][7] - read (//span[@class="a-size-medium a-color-base a-text-normal"])[1] to read_result
[RPA][7] - listening for inputs
[RPA][8] - dump read_result to rpa_python.txt
[RPA][8] - listening for inputs
[RPA][9] - exist_result = exist('(//span[@class="a-price-whole"])[1]').toString()
[RPA][9] - listening for inputs
[RPA][10] - dump exist_result to rpa_python.txt
[RPA][10] - listening for inputs
[RPA][11] - read (//span[@class="a-price-whole"])[1] to read_result
[RPA][11] - listening for inputs
[RPA][12] - dump read_result to rpa_python.txt
[RPA][12] - listening for inputs
[RPA][13] - exist_result = exist('(//span[@class="a-size-medium a-color-base a-text-normal"])[2]').toString()
[RPA][13] - listening for inputs
[RPA][14] - dump exist_result to rpa_python.txt
[RPA][14] - listening for inputs
[RPA][15] - read (//span[@class="a-size-medium a-color-base a-text-normal"])[2] to read_result
[RPA][15] - listening for inputs
[RPA][16] - dump read_result to rpa_python.txt
[RPA][16] - listening for inputs
[RPA][17] - exist_result = exist('(//span[@class="a-price-whole"])[2]').toString()
[RPA][17] - listening for inputs
[RPA][18] - dump exist_result to rpa_python.txt
[RPA][18] - listening for inputs
[RPA][19] - read (//span[@class="a-price-whole"])[2] to read_result
[RPA][19] - listening for inputs
[RPA][20] - dump read_result to rpa_python.txt
[RPA][20] - listening for inputs
[RPA][21] - exist_result = exist('(//span[@class="a-size-medium a-color-base a-text-normal"])[3]').toString()
[RPA][21] - listening for inputs
[RPA][22] - dump exist_result to rpa_python.txt
[RPA][22] - listening for inputs
[RPA][23] - read (//span[@class="a-size-medium a-color-base a-text-normal"])[3] to read_result
[RPA][23] - listening for inputs
[RPA][24] - dump read_result to rpa_python.txt
[RPA][24] - listening for inputs
[RPA][25] - exist_result = exist('(//span[@class="a-price-whole"])[3]').toString()
[RPA][25] - listening for inputs
[RPA][26] - dump exist_result to rpa_python.txt
[RPA][26] - listening for inputs
[RPA][27] - read (//span[@class="a-price-whole"])[3] to read_result
[RPA][27] - listening for inputs
[RPA][28] - dump read_result to rpa_python.txt
[RPA][28] - listening for inputs
[RPA][29] - exist_result = exist('(//span[@class="a-size-medium a-color-base a-text-normal"])[4]').toString()
[RPA][29] - listening for inputs
[RPA][30] - dump exist_result to rpa_python.txt
[RPA][30] - listening for inputs
[RPA][31] - read (//span[@class="a-size-medium a-color-base a-text-normal"])[4] to read_result
[RPA][31] - listening for inputs
[RPA][32] - dump read_result to rpa_python.txt
[RPA][32] - listening for inputs
[RPA][33] - exist_result = exist('(//span[@class="a-price-whole"])[4]').toString()
[RPA][33] - listening for inputs
[RPA][34] - dump exist_result to rpa_python.txt
[RPA][34] - listening for inputs
[RPA][35] - read (//span[@class="a-price-whole"])[4] to read_result
[RPA][35] - listening for inputs
[RPA][36] - dump read_result to rpa_python.txt
[RPA][36] - listening for inputs
[RPA][37] - exist_result = exist('(//span[@class="a-size-medium a-color-base a-text-normal"])[5]').toString()
[RPA][37] - listening for inputs
[RPA][38] - dump exist_result to rpa_python.txt
[RPA][38] - listening for inputs
[RPA][39] - read (//span[@class="a-size-medium a-color-base a-text-normal"])[5] to read_result
[RPA][39] - listening for inputs
[RPA][40] - dump read_result to rpa_python.txt
[RPA][40] - listening for inputs
[RPA][41] - exist_result = exist('(//span[@class="a-price-whole"])[5]').toString()
[RPA][41] - listening for inputs
[RPA][42] - dump exist_result to rpa_python.txt
[RPA][42] - listening for inputs
[RPA][43] - read (//span[@class="a-price-whole"])[5] to read_result
[RPA][43] - listening for inputs
[RPA][44] - dump read_result to rpa_python.txt
[RPA][44] - listening for inputs
[RPA][45] - exist_result = exist('(//span[@class="a-size-medium a-color-base a-text-normal"])[6]').toString()
[RPA][45] - listening for inputs
[RPA][46] - dump exist_result to rpa_python.txt
[RPA][46] - listening for inputs
[RPA][47] - read (//span[@class="a-size-medium a-color-base a-text-normal"])[6] to read_result
[RPA][47] - listening for inputs
[RPA][48] - dump read_result to rpa_python.txt
[RPA][48] - listening for inputs
[RPA][49] - exist_result = exist('(//span[@class="a-price-whole"])[6]').toString()
[RPA][49] - listening for inputs
[RPA][50] - dump exist_result to rpa_python.txt
[RPA][50] - listening for inputs
[RPA][51] - read (//span[@class="a-price-whole"])[6] to read_result
[RPA][51] - listening for inputs
[RPA][52] - dump read_result to rpa_python.txt
[RPA][52] - listening for inputs
[RPA][53] - exist_result = exist('(//span[@class="a-size-medium a-color-base a-text-normal"])[7]').toString()
[RPA][53] - listening for inputs
[RPA][54] - dump exist_result to rpa_python.txt
[RPA][54] - listening for inputs
[RPA][55] - read (//span[@class="a-size-medium a-color-base a-text-normal"])[7] to read_result
[RPA][55] - listening for inputs
[RPA][56] - dump read_result to rpa_python.txt
[RPA][56] - listening for inputs
[RPA][57] - exist_result = exist('(//span[@class="a-price-whole"])[7]').toString()
[RPA][57] - listening for inputs
[RPA][58] - dump exist_result to rpa_python.txt
[RPA][58] - listening for inputs
[RPA][59] - read (//span[@class="a-price-whole"])[7] to read_result
[RPA][59] - listening for inputs
[RPA][60] - dump read_result to rpa_python.txt
[RPA][60] - listening for inputs
[RPA][61] - exist_result = exist('(//span[@class="a-size-medium a-color-base a-text-normal"])[8]').toString()
[RPA][61] - listening for inputs
[RPA][62] - dump exist_result to rpa_python.txt
[RPA][62] - listening for inputs
[RPA][63] - read (//span[@class="a-size-medium a-color-base a-text-normal"])[8] to read_result
[RPA][63] - listening for inputs
[RPA][64] - dump read_result to rpa_python.txt
[RPA][64] - listening for inputs
[RPA][65] - exist_result = exist('(//span[@class="a-price-whole"])[8]').toString()
[RPA][65] - listening for inputs
[RPA][66] - dump exist_result to rpa_python.txt
[RPA][66] - listening for inputs
[RPA][67] - read (//span[@class="a-price-whole"])[8] to read_result
[RPA][67] - listening for inputs
[RPA][68] - dump read_result to rpa_python.txt
[RPA][68] - listening for inputs
[RPA][69] - exist_result = exist('(//span[@class="a-size-medium a-color-base a-text-normal"])[9]').toString()
[RPA][69] - listening for inputs
[RPA][70] - dump exist_result to rpa_python.txt
[RPA][70] - listening for inputs
[RPA][71] - read (//span[@class="a-size-medium a-color-base a-text-normal"])[9] to read_result
[RPA][71] - listening for inputs
[RPA][72] - dump read_result to rpa_python.txt
[RPA][72] - listening for inputs
[RPA][73] - exist_result = exist('(//span[@class="a-price-whole"])[9]').toString()
[RPA][73] - listening for inputs
[RPA][74] - dump exist_result to rpa_python.txt
[RPA][74] - listening for inputs
[RPA][75] - read (//span[@class="a-price-whole"])[9] to read_result
[RPA][75] - listening for inputs
[RPA][76] - dump read_result to rpa_python.txt
[RPA][76] - listening for inputs
[RPA][77] - exist_result = exist('(//span[@class="a-size-medium a-color-base a-text-normal"])[10]').toString()
[RPA][77] - listening for inputs
[RPA][78] - dump exist_result to rpa_python.txt
[RPA][78] - listening for inputs
[RPA][79] - read (//span[@class="a-size-medium a-color-base a-text-normal"])[10] to read_result
[RPA][79] - listening for inputs
[RPA][80] - dump read_result to rpa_python.txt
[RPA][80] - listening for inputs
[RPA][81] - exist_result = exist('(//span[@class="a-price-whole"])[10]').toString()
[RPA][81] - listening for inputs
[RPA][82] - dump exist_result to rpa_python.txt
[RPA][82] - listening for inputs
[RPA][83] - read (//span[@class="a-price-whole"])[10] to read_result
[RPA][83] - listening for inputs
[RPA][84] - dump read_result to rpa_python.txt
[RPA][84] - listening for inputs
[RPA][85] - exist_result = exist('(//span[@class="a-size-medium a-color-base a-text-normal"])[11]').toString()
[RPA][85] - listening for inputs
[RPA][86] - dump exist_result to rpa_python.txt
[RPA][86] - listening for inputs
[RPA][87] - read (//span[@class="a-size-medium a-color-base a-text-normal"])[11] to read_result
[RPA][87] - listening for inputs
[RPA][88] - dump read_result to rpa_python.txt
[RPA][88] - listening for inputs
[RPA][89] - exist_result = exist('(//span[@class="a-price-whole"])[11]').toString()
[RPA][89] - listening for inputs
[RPA][90] - dump exist_result to rpa_python.txt
[RPA][90] - listening for inputs
[RPA][91] - read (//span[@class="a-price-whole"])[11] to read_result
[RPA][91] - listening for inputs
[RPA][92] - dump read_result to rpa_python.txt
[RPA][92] - listening for inputs
[RPA][93] - exist_result = exist('(//span[@class="a-size-medium a-color-base a-text-normal"])[12]').toString()
[RPA][93] - listening for inputs
[RPA][94] - dump exist_result to rpa_python.txt
[RPA][94] - listening for inputs
[RPA][95] - read (//span[@class="a-size-medium a-color-base a-text-normal"])[12] to read_result
[RPA][95] - listening for inputs
[RPA][96] - dump read_result to rpa_python.txt
[RPA][96] - listening for inputs
[RPA][97] - exist_result = exist('(//span[@class="a-price-whole"])[12]').toString()
[RPA][97] - listening for inputs
[RPA][98] - dump exist_result to rpa_python.txt
[RPA][98] - listening for inputs
[RPA][99] - read (//span[@class="a-price-whole"])[12] to read_result
[RPA][99] - listening for inputs
[RPA][100] - dump read_result to rpa_python.txt
[RPA][100] - listening for inputs
[RPA][101] - exist_result = exist('(//span[@class="a-size-medium a-color-base a-text-normal"])[13]').toString()
[RPA][101] - listening for inputs
[RPA][102] - dump exist_result to rpa_python.txt
[RPA][102] - listening for inputs
[RPA][103] - read (//span[@class="a-size-medium a-color-base a-text-normal"])[13] to read_result
[RPA][103] - listening for inputs
[RPA][104] - dump read_result to rpa_python.txt
[RPA][104] - listening for inputs
[RPA][105] - exist_result = exist('(//span[@class="a-price-whole"])[13]').toString()
[RPA][105] - listening for inputs
[RPA][106] - dump exist_result to rpa_python.txt
[RPA][106] - listening for inputs
[RPA][107] - read (//span[@class="a-price-whole"])[13] to read_result
[RPA][107] - listening for inputs
[RPA][108] - dump read_result to rpa_python.txt
[RPA][108] - listening for inputs
[RPA][109] - exist_result = exist('(//span[@class="a-size-medium a-color-base a-text-normal"])[14]').toString()
[RPA][109] - listening for inputs
[RPA][110] - dump exist_result to rpa_python.txt
[RPA][110] - listening for inputs
[RPA][111] - read (//span[@class="a-size-medium a-color-base a-text-normal"])[14] to read_result
[RPA][111] - listening for inputs
[RPA][112] - dump read_result to rpa_python.txt
[RPA][112] - listening for inputs
[RPA][113] - exist_result = exist('(//span[@class="a-price-whole"])[14]').toString()
[RPA][113] - listening for inputs
[RPA][114] - dump exist_result to rpa_python.txt
[RPA][114] - listening for inputs
[RPA][115] - read (//span[@class="a-price-whole"])[14] to read_result
[RPA][115] - listening for inputs
[RPA][116] - dump read_result to rpa_python.txt
[RPA][116] - listening for inputs
[RPA][117] - exist_result = exist('(//span[@class="a-size-medium a-color-base a-text-normal"])[15]').toString()
[RPA][117] - listening for inputs
[RPA][118] - dump exist_result to rpa_python.txt
[RPA][118] - listening for inputs
[RPA][119] - read (//span[@class="a-size-medium a-color-base a-text-normal"])[15] to read_result
[RPA][119] - listening for inputs
[RPA][120] - dump read_result to rpa_python.txt
[RPA][120] - listening for inputs
[RPA][121] - exist_result = exist('(//span[@class="a-price-whole"])[15]').toString()
[RPA][121] - listening for inputs
[RPA][122] - dump exist_result to rpa_python.txt
[RPA][122] - listening for inputs
[RPA][123] - read (//span[@class="a-price-whole"])[15] to read_result
[RPA][123] - listening for inputs
[RPA][124] - dump read_result to rpa_python.txt
[RPA][124] - listening for inputs
[RPA][125] - exist_result = exist('(//span[@class="a-size-medium a-color-base a-text-normal"])[16]').toString()
[RPA][125] - listening for inputs
[RPA][126] - dump exist_result to rpa_python.txt
[RPA][126] - listening for inputs
[RPA][127] - read (//span[@class="a-size-medium a-color-base a-text-normal"])[16] to read_result
[RPA][127] - listening for inputs
[RPA][128] - dump read_result to rpa_python.txt
[RPA][128] - listening for inputs
[RPA][129] - exist_result = exist('(//span[@class="a-price-whole"])[16]').toString()
[RPA][129] - listening for inputs
[RPA][130] - dump exist_result to rpa_python.txt
[RPA][130] - listening for inputs
[RPA][131] - read (//span[@class="a-price-whole"])[16] to read_result
[RPA][131] - listening for inputs
[RPA][132] - dump read_result to rpa_python.txt
[RPA][132] - listening for inputs
[RPA][133] - exist_result = exist('(//span[@class="a-size-medium a-color-base a-text-normal"])[17]').toString()
[RPA][133] - listening for inputs
[RPA][134] - dump exist_result to rpa_python.txt
[RPA][134] - listening for inputs
[RPA][135] - read (//span[@class="a-size-medium a-color-base a-text-normal"])[17] to read_result
[RPA][135] - listening for inputs
[RPA][136] - dump read_result to rpa_python.txt
[RPA][136] - listening for inputs
[RPA][137] - exist_result = exist('(//span[@class="a-price-whole"])[17]').toString()
[RPA][137] - listening for inputs
[RPA][138] - dump exist_result to rpa_python.txt
[RPA][138] - listening for inputs
[RPA][139] - read (//span[@class="a-price-whole"])[17] to read_result
[RPA][139] - listening for inputs
[RPA][140] - dump read_result to rpa_python.txt
[RPA][140] - listening for inputs
[RPA][141] - exist_result = exist('(//span[@class="a-size-medium a-color-base a-text-normal"])[18]').toString()
[RPA][141] - listening for inputs
[RPA][142] - dump exist_result to rpa_python.txt
[RPA][142] - listening for inputs
[RPA][143] - read (//span[@class="a-size-medium a-color-base a-text-normal"])[18] to read_result
[RPA][143] - listening for inputs
[RPA][144] - dump read_result to rpa_python.txt
[RPA][144] - listening for inputs
[RPA][145] - exist_result = exist('(//span[@class="a-price-whole"])[18]').toString()
[RPA][145] - listening for inputs
[RPA][146] - dump exist_result to rpa_python.txt
[RPA][146] - listening for inputs
[RPA][147] - read (//span[@class="a-price-whole"])[18] to read_result
[RPA][147] - listening for inputs
[RPA][148] - dump read_result to rpa_python.txt
[RPA][148] - listening for inputs
[RPA][149] - exist_result = exist('(//span[@class="a-size-medium a-color-base a-text-normal"])[19]').toString()
[RPA][149] - listening for inputs
[RPA][150] - dump exist_result to rpa_python.txt
[RPA][150] - listening for inputs
[RPA][151] - read (//span[@class="a-size-medium a-color-base a-text-normal"])[19] to read_result
[RPA][151] - listening for inputs
[RPA][152] - dump read_result to rpa_python.txt
[RPA][152] - listening for inputs
[RPA][153] - exist_result = exist('(//span[@class="a-price-whole"])[19]').toString()
[RPA][153] - listening for inputs
[RPA][154] - dump exist_result to rpa_python.txt
[RPA][154] - listening for inputs
[RPA][155] - read (//span[@class="a-price-whole"])[19] to read_result
[RPA][155] - listening for inputs
[RPA][156] - dump read_result to rpa_python.txt
[RPA][156] - listening for inputs
